{"/Users/ivansmoot/Downloads/CrazyDave/src/components/Login.vue": {"path":"/Users/ivansmoot/Downloads/CrazyDave/src/components/Login.vue","statementMap":{"0":{"start":{"line":51,"column":0},"end":{"line":51,"column":null}},"1":{"start":{"line":52,"column":0},"end":{"line":52,"column":null}},"2":{"start":{"line":53,"column":0},"end":{"line":53,"column":null}},"3":{"start":{"line":54,"column":0},"end":{"line":54,"column":null}},"4":{"start":{"line":55,"column":0},"end":{"line":55,"column":null}},"5":{"start":{"line":60,"column":0},"end":{"line":60,"column":null}},"6":{"start":{"line":82,"column":0},"end":{"line":82,"column":null}},"7":{"start":{"line":83,"column":0},"end":{"line":91,"column":null}},"8":{"start":{"line":87,"column":0},"end":{"line":87,"column":null}},"9":{"start":{"line":90,"column":0},"end":{"line":90,"column":null}},"10":{"start":{"line":94,"column":0},"end":{"line":94,"column":null}},"11":{"start":{"line":101,"column":0},"end":{"line":101,"column":null}},"12":{"start":{"line":102,"column":0},"end":{"line":106,"column":null}},"13":{"start":{"line":102,"column":0},"end":{"line":102,"column":null}},"14":{"start":{"line":103,"column":0},"end":{"line":105,"column":null}},"15":{"start":{"line":104,"column":0},"end":{"line":104,"column":null}},"16":{"start":{"line":107,"column":0},"end":{"line":107,"column":null}},"17":{"start":{"line":110,"column":0},"end":{"line":110,"column":null}},"18":{"start":{"line":111,"column":0},"end":{"line":111,"column":null}},"19":{"start":{"line":112,"column":0},"end":{"line":134,"column":null}},"20":{"start":{"line":113,"column":0},"end":{"line":127,"column":null}},"21":{"start":{"line":114,"column":0},"end":{"line":114,"column":null}},"22":{"start":{"line":117,"column":0},"end":{"line":117,"column":null}},"23":{"start":{"line":118,"column":0},"end":{"line":118,"column":null}},"24":{"start":{"line":119,"column":0},"end":{"line":119,"column":null}},"25":{"start":{"line":120,"column":0},"end":{"line":120,"column":null}},"26":{"start":{"line":122,"column":0},"end":{"line":122,"column":null}},"27":{"start":{"line":123,"column":0},"end":{"line":123,"column":null}},"28":{"start":{"line":126,"column":0},"end":{"line":126,"column":null}},"29":{"start":{"line":129,"column":0},"end":{"line":129,"column":null}},"30":{"start":{"line":130,"column":0},"end":{"line":130,"column":null}},"31":{"start":{"line":133,"column":0},"end":{"line":133,"column":null}},"32":{"start":{"line":137,"column":0},"end":{"line":137,"column":null}},"33":{"start":{"line":141,"column":0},"end":{"line":141,"column":null}},"34":{"start":{"line":142,"column":0},"end":{"line":142,"column":null}},"35":{"start":{"line":144,"column":0},"end":{"line":144,"column":null}},"36":{"start":{"line":146,"column":0},"end":{"line":146,"column":null}},"37":{"start":{"line":148,"column":0},"end":{"line":153,"column":null}},"38":{"start":{"line":148,"column":0},"end":{"line":148,"column":null}},"39":{"start":{"line":150,"column":0},"end":{"line":150,"column":null}},"40":{"start":{"line":152,"column":0},"end":{"line":152,"column":null}}},"fnMap":{"0":{"name":"data","decl":{"start":{"line":59,"column":0},"end":{"line":59,"column":null}},"loc":{"start":{"line":59,"column":0},"end":{"line":81,"column":null}}},"1":{"name":"mounted","decl":{"start":{"line":82,"column":0},"end":{"line":82,"column":null}},"loc":{"start":{"line":82,"column":0},"end":{"line":92,"column":null}}},"2":{"name":"(anonymous_4)","decl":{"start":{"line":83,"column":0},"end":{"line":83,"column":null}},"loc":{"start":{"line":83,"column":0},"end":{"line":88,"column":null}}},"3":{"name":"(anonymous_5)","decl":{"start":{"line":88,"column":0},"end":{"line":88,"column":null}},"loc":{"start":{"line":88,"column":0},"end":{"line":91,"column":null}}},"4":{"name":"created","decl":{"start":{"line":93,"column":0},"end":{"line":93,"column":null}},"loc":{"start":{"line":93,"column":0},"end":{"line":95,"column":null}}},"5":{"name":"judgeLogin","decl":{"start":{"line":100,"column":0},"end":{"line":100,"column":null}},"loc":{"start":{"line":100,"column":0},"end":{"line":108,"column":null}}},"6":{"name":"jump","decl":{"start":{"line":109,"column":0},"end":{"line":109,"column":null}},"loc":{"start":{"line":109,"column":0},"end":{"line":135,"column":null}}},"7":{"name":"toRegister","decl":{"start":{"line":136,"column":0},"end":{"line":136,"column":null}},"loc":{"start":{"line":136,"column":0},"end":{"line":138,"column":null}}},"8":{"name":"creatCode","decl":{"start":{"line":139,"column":0},"end":{"line":139,"column":null}},"loc":{"start":{"line":139,"column":0},"end":{"line":154,"column":null}}}},"branchMap":{"0":{"loc":{"start":{"line":103,"column":0},"end":{"line":105,"column":null}},"type":"if","locations":[{"start":{"line":103,"column":0},"end":{"line":105,"column":null}},{"start":{"line":103,"column":0},"end":{"line":105,"column":null}}]},"1":{"loc":{"start":{"line":103,"column":0},"end":{"line":103,"column":null}},"type":"binary-expr","locations":[{"start":{"line":103,"column":0},"end":{"line":103,"column":null}},{"start":{"line":103,"column":0},"end":{"line":103,"column":null}}]},"2":{"loc":{"start":{"line":112,"column":0},"end":{"line":134,"column":null}},"type":"if","locations":[{"start":{"line":112,"column":0},"end":{"line":134,"column":null}},{"start":{"line":112,"column":0},"end":{"line":134,"column":null}}]},"3":{"loc":{"start":{"line":113,"column":0},"end":{"line":127,"column":null}},"type":"if","locations":[{"start":{"line":113,"column":0},"end":{"line":127,"column":null}},{"start":{"line":113,"column":0},"end":{"line":127,"column":null}}]}},"s":{"0":1,"1":1,"2":1,"3":1,"4":1,"5":1,"6":1,"7":1,"8":0,"9":0,"10":1,"11":0,"12":0,"13":0,"14":0,"15":0,"16":0,"17":0,"18":0,"19":0,"20":0,"21":0,"22":0,"23":0,"24":0,"25":0,"26":0,"27":0,"28":0,"29":0,"30":0,"31":0,"32":0,"33":1,"34":1,"35":1,"36":1,"37":1,"38":1,"39":4,"40":4},"f":{"0":1,"1":1,"2":0,"3":0,"4":1,"5":0,"6":0,"7":0,"8":1},"b":{"0":[0,0],"1":[0,0],"2":[0,0],"3":[0,0]}}
}
