TN:
SF:src/components/Login.vue
FN:59,data
FN:82,mounted
FN:83,(anonymous_4)
FN:88,(anonymous_5)
FN:93,created
FN:100,judgeLogin
FN:109,jump
FN:136,toRegister
FN:139,creatCode
FNF:9
FNH:4
FNDA:1,data
FNDA:1,mounted
FNDA:0,(anonymous_4)
FNDA:0,(anonymous_5)
FNDA:1,created
FNDA:0,judgeLogin
FNDA:0,jump
FNDA:0,toRegister
FNDA:1,creatCode
DA:51,1
DA:52,1
DA:53,1
DA:54,1
DA:55,1
DA:60,1
DA:82,1
DA:83,1
DA:87,0
DA:90,0
DA:94,1
DA:101,0
DA:102,0
DA:103,0
DA:104,0
DA:107,0
DA:110,0
DA:111,0
DA:112,0
DA:113,0
DA:114,0
DA:117,0
DA:118,0
DA:119,0
DA:120,0
DA:122,0
DA:123,0
DA:126,0
DA:129,0
DA:130,0
DA:133,0
DA:137,0
DA:141,1
DA:142,1
DA:144,1
DA:146,1
DA:148,1
DA:150,4
DA:152,4
LF:39
LH:16
BRDA:103,0,0,0
BRDA:103,0,1,0
BRDA:103,1,0,0
BRDA:103,1,1,0
BRDA:112,2,0,0
BRDA:112,2,1,0
BRDA:113,3,0,0
BRDA:113,3,1,0
BRF:8
BRH:0
end_of_record
